SF:lib\models\quote.dart
DA:14,1
DA:16,0
DA:17,0
DA:19,0
DA:21,0
LF:5
LH:1
end_of_record
SF:lib\models\quote.g.dart
DA:9,0
DA:10,0
DA:11,0
DA:12,0
DA:15,0
DA:16,0
DA:17,0
DA:18,0
LF:8
LH:0
end_of_record
SF:lib\screens\quotes_screen.dart
DA:7,1
DA:9,1
DA:11,1
DA:12,1
DA:16,1
DA:17,2
DA:18,1
DA:19,2
DA:22,1
DA:23,4
DA:25,1
DA:26,1
DA:29,5
DA:30,1
DA:38,2
DA:42,1
DA:43,1
DA:45,1
DA:46,1
DA:48,1
DA:49,2
DA:51,1
DA:52,1
DA:53,0
DA:56,1
DA:57,3
DA:66,1
DA:68,1
DA:69,1
DA:70,2
DA:71,1
DA:72,2
DA:73,1
DA:74,1
DA:80,2
DA:81,3
DA:82,2
DA:83,1
DA:84,2
DA:85,2
LF:40
LH:39
end_of_record
